<?xml version="1.0" encoding="UTF-8"?>
<testng-results ignored="0" total="1" passed="1" failed="0" skipped="0">
  <reporter-output>
  </reporter-output>
  <suite started-at="2025-08-13T23:54:42 CDT" name="Surefire suite" finished-at="2025-08-13T23:54:52 CDT" duration-ms="10218">
    <groups>
    </groups>
    <test started-at="2025-08-13T23:54:42 CDT" name="Surefire test" finished-at="2025-08-13T23:54:52 CDT" duration-ms="10218">
      <class name="com.example.ui.SmokeUITest">
        <test-method is-config="true" signature="setUp()[pri:0, instance:com.example.ui.SmokeUITest@212bf671]" started-at="2025-08-13T23:54:42 CDT" name="setUp" finished-at="2025-08-13T23:54:43 CDT" duration-ms="1459" status="PASS">
          <reporter-output>
          </reporter-output>
        </test-method> <!-- setUp -->
        <test-method signature="open()[pri:0, instance:com.example.ui.SmokeUITest@212bf671]" started-at="2025-08-13T23:54:43 CDT" name="open" finished-at="2025-08-13T23:54:52 CDT" duration-ms="8645" status="PASS">
          <reporter-output>
          </reporter-output>
        </test-method> <!-- open -->
        <test-method is-config="true" signature="tearDown()[pri:0, instance:com.example.ui.SmokeUITest@212bf671]" started-at="2025-08-13T23:54:52 CDT" name="tearDown" finished-at="2025-08-13T23:54:52 CDT" duration-ms="101" status="PASS">
          <reporter-output>
          </reporter-output>
        </test-method> <!-- tearDown -->
      </class> <!-- com.example.ui.SmokeUITest -->
    </test> <!-- Surefire test -->
  </suite> <!-- Surefire suite -->
</testng-results>
